

Date:2018-01-03 08:15:53,609
Thread:[1]
Level:ERROR
Logger:Syncfusion.ASP.NET.MVC.Extension.SyncfusionPackage                         [(null)]
Message:System.NullReferenceException: Object reference not set to an instance of an object.
   at Syncfusion.ASP.NET.MVC.Extension.SyncfusionPackage.queryStatusMenuCommand_BeforeQueryStatus_WebSite(Object sender, EventArgs e)


Date:2018-01-03 08:15:54,359
Thread:[1]
Level:ERROR
Logger:Syncfusion.ASP.NET.MVC.Extension.SyncfusionPackage                         [(null)]
Message:System.NullReferenceException: Object reference not set to an instance of an object.
   at Syncfusion.ASP.NET.MVC.Extension.SyncfusionPackage.queryStatusMenuCommand_BeforeQueryStatus_WebSite(Object sender, EventArgs e)


Date:2018-01-03 08:16:26,530
Thread:[1]
Level:ERROR
Logger:Syncfusion.ASP.NET.MVC.Extension.SyncfusionPackage                         [(null)]
Message:System.NullReferenceException: Object reference not set to an instance of an object.
   at Syncfusion.ASP.NET.MVC.Extension.SyncfusionPackage.queryStatusMenuCommand_BeforeQueryStatus_WebSite(Object sender, EventArgs e)


Date:2018-01-03 08:18:26,593
Thread:[1]
Level:ERROR
Logger:Syncfusion.ASP.NET.MVC.Extension.SyncfusionPackage                         [(null)]
Message:System.NullReferenceException: Object reference not set to an instance of an object.
   at Syncfusion.ASP.NET.MVC.Extension.SyncfusionPackage.queryStatusMenuCommand_BeforeQueryStatus_WebSite(Object sender, EventArgs e)
